\BOOKMARK [1][-]{section.1}{\376\377\000概\000要\000説\000明}{}% 1
\BOOKMARK [1][-]{section.2}{\376\377\000設\000計\000方\000針}{}% 2
\BOOKMARK [2][-]{subsection.2.1}{\376\377\000基\000本\000構\000想}{section.2}% 3
\BOOKMARK [2][-]{subsection.2.2}{\376\377\000採\000用\000し\000た\000ア\000ル\000ゴ\000リ\000ズ\000ム\000と\000デ\000ー\000タ\000構\000造}{section.2}% 4
\BOOKMARK [2][-]{subsection.2.3}{\376\377\000ク\000ラ\000ス\000構\000成\000と\000ク\000ラ\000ス\000図}{section.2}% 5
\BOOKMARK [1][-]{section.3}{\376\377\000プ\000ロ\000グ\000ラ\000ム\000の\000説\000明}{}% 6
\BOOKMARK [2][-]{subsection.3.1}{\376\377\000齋\000藤\000担\000当}{section.3}% 7
\BOOKMARK [2][-]{subsection.3.2}{\376\377\000佐\000々\000木\000担\000当}{section.3}% 8
\BOOKMARK [2][-]{subsection.3.3}{\376\377\000P\000u\000l\000l\000e\000r\000担\000当}{section.3}% 9
\BOOKMARK [1][-]{section.4}{\376\377\000実\000行\000例}{}% 10
\BOOKMARK [1][-]{section.5}{\376\377\000考\000察}{}% 11
\BOOKMARK [2][-]{subsection.5.1}{\376\377\000達\000成\000度\000と\000設\000計\000の\000評\000価}{section.5}% 12
\BOOKMARK [2][-]{subsection.5.2}{\376\377\000技\000術\000的\000課\000題\000：\000当\000た\000り\000判\000定\000の\000最\000適\000化}{section.5}% 13
\BOOKMARK [2][-]{subsection.5.3}{\376\377\000今\000後\000の\000展\000望\000と\000機\000能\000拡\000張}{section.5}% 14
\BOOKMARK [1][-]{section.6}{\376\377\000感\000想}{}% 15
\BOOKMARK [2][-]{subsection.6.1}{\376\377\000齋\000藤}{section.6}% 16
\BOOKMARK [2][-]{subsection.6.2}{\376\377\000佐\000々\000木}{section.6}% 17
\BOOKMARK [2][-]{subsection.6.3}{\376\377\000P\000u\000l\000l\000e\000r}{section.6}% 18
\BOOKMARK [1][-]{section.7}{\376\377\000付\000録\0001\000：\000操\000作\000法\000マ\000ニ\000ュ\000ア\000ル}{}% 19
\BOOKMARK [1][-]{section.8}{\376\377\000付\000録\000２\000：\000プ\000ロ\000グ\000ラ\000ム\000リ\000ス\000ト}{}% 20
